Analysis & Elaboration report for parallel_bitcoin_hash
Sat Jun 10 14:42:28 2023
Quartus Prime Version 20.1.0 Build 711 06/05/2020 SJ Lite Edition


---------------------
; Table of Contents ;
---------------------
  1. Legal Notice
  2. Analysis & Elaboration Summary
  3. Parallel Compilation
  4. Parameter Settings for User Entity Instance: Top-level Entity: |parallel_bitcoin_hash
  5. Parameter Settings for User Entity Instance: simplified_sha256:sha_gen_loop[0].sha_inst
  6. Parameter Settings for User Entity Instance: simplified_sha256:sha_gen_loop[1].sha_inst
  7. Parameter Settings for User Entity Instance: simplified_sha256:sha_gen_loop[2].sha_inst
  8. Parameter Settings for User Entity Instance: simplified_sha256:sha_gen_loop[3].sha_inst
  9. Parameter Settings for User Entity Instance: simplified_sha256:sha_gen_loop[4].sha_inst
 10. Parameter Settings for User Entity Instance: simplified_sha256:sha_gen_loop[5].sha_inst
 11. Parameter Settings for User Entity Instance: simplified_sha256:sha_gen_loop[6].sha_inst
 12. Parameter Settings for User Entity Instance: simplified_sha256:sha_gen_loop[7].sha_inst
 13. Analysis & Elaboration Settings
 14. Port Connectivity Checks: "simplified_sha256:sha_gen_loop[7].sha_inst"
 15. Port Connectivity Checks: "simplified_sha256:sha_gen_loop[6].sha_inst"
 16. Port Connectivity Checks: "simplified_sha256:sha_gen_loop[5].sha_inst"
 17. Port Connectivity Checks: "simplified_sha256:sha_gen_loop[4].sha_inst"
 18. Port Connectivity Checks: "simplified_sha256:sha_gen_loop[3].sha_inst"
 19. Port Connectivity Checks: "simplified_sha256:sha_gen_loop[2].sha_inst"
 20. Port Connectivity Checks: "simplified_sha256:sha_gen_loop[1].sha_inst"
 21. Port Connectivity Checks: "simplified_sha256:sha_gen_loop[0].sha_inst"
 22. Analysis & Elaboration Messages
 23. Analysis & Elaboration Suppressed Messages



----------------
; Legal Notice ;
----------------
Copyright (C) 2020  Intel Corporation. All rights reserved.
Your use of Intel Corporation's design tools, logic functions 
and other software and tools, and any partner logic 
functions, and any output files from any of the foregoing 
(including device programming or simulation files), and any 
associated documentation or information are expressly subject 
to the terms and conditions of the Intel Program License 
Subscription Agreement, the Intel Quartus Prime License Agreement,
the Intel FPGA IP License Agreement, or other applicable license
agreement, including, without limitation, that your use is for
the sole purpose of programming logic devices manufactured by
Intel and sold by Intel or its authorized distributors.  Please
refer to the applicable agreement for further details, at
https://fpgasoftware.intel.com/eula.



+---------------------------------------------------------------------------------+
; Analysis & Elaboration Summary                                                  ;
+-----------------------------------+---------------------------------------------+
; Analysis & Elaboration Status     ; Successful - Sat Jun 10 14:42:28 2023       ;
; Quartus Prime Version             ; 20.1.0 Build 711 06/05/2020 SJ Lite Edition ;
; Revision Name                     ; parallel_bitcoin_hash                       ;
; Top-level Entity Name             ; parallel_bitcoin_hash                       ;
; Family                            ; Arria II GX                                 ;
; Logic utilization                 ; N/A until Partition Merge                   ;
;     Combinational ALUTs           ; N/A until Partition Merge                   ;
;     Memory ALUTs                  ; N/A until Partition Merge                   ;
;     Dedicated logic registers     ; N/A until Partition Merge                   ;
; Total registers                   ; N/A until Partition Merge                   ;
; Total pins                        ; N/A until Partition Merge                   ;
; Total virtual pins                ; N/A until Partition Merge                   ;
; Total block memory bits           ; N/A until Partition Merge                   ;
; DSP block 18-bit elements         ; N/A until Partition Merge                   ;
; Total GXB Receiver Channel PCS    ; N/A until Partition Merge                   ;
; Total GXB Receiver Channel PMA    ; N/A until Partition Merge                   ;
; Total GXB Transmitter Channel PCS ; N/A until Partition Merge                   ;
; Total GXB Transmitter Channel PMA ; N/A until Partition Merge                   ;
; Total PLLs                        ; N/A until Partition Merge                   ;
; Total DLLs                        ; N/A until Partition Merge                   ;
+-----------------------------------+---------------------------------------------+


+------------------------------------------+
; Parallel Compilation                     ;
+----------------------------+-------------+
; Processors                 ; Number      ;
+----------------------------+-------------+
; Number detected on machine ; 20          ;
; Maximum allowed            ; 10          ;
;                            ;             ;
; Average used               ; 1.00        ;
; Maximum used               ; 1           ;
;                            ;             ;
; Usage by Processor         ; % Time Used ;
;     Processor 1            ; 100.0%      ;
+----------------------------+-------------+


+-----------------------------------------------------------------------------------------------------------------------+
; Parameter Settings for User Entity Instance: Top-level Entity: |parallel_bitcoin_hash                                 ;
+-------------------+----------------------------------------------------------------------------------+----------------+
; Parameter Name    ; Value                                                                            ; Type           ;
+-------------------+----------------------------------------------------------------------------------+----------------+
; num_nonces        ; 16                                                                               ; Signed Integer ;
; SHA_256_constants ; (01011011111000001100110100011001,00011111100000111101100110101011,1001101100000 ; Array/Record   ;
; SHA_256_constants ; 1010110100010001100,01010001000011100101001001111111,101001010100111111110101001 ;                ;
; SHA_256_constants ; 11010,00111100011011101111001101110010,10111011011001111010111010000101,01101010 ;                ;
;                   ; 000010011110011001100111)                                                        ;                ;
; k                 ; (1116352408,1899447441,-1245643825,-373957723,961987163,1508970993,-1841331548,- ; Array/Record   ;
; k                 ; 1424204075,-670586216,310598401,607225278,1426881987,1925078388,-2132889090,-168 ;                ;
; k                 ; 0079193,-1046744716,-459576895,-272742522,264347078,604807628,770255983,12491501 ;                ;
; k                 ; 22,1555081692,1996064986,-1740746414,-1473132947,-1341970488,-1084653625,-958395 ;                ;
; k                 ; 405,-710438585,113926993,338241895,666307205,773529912,1294757372,1396182291,169 ;                ;
; k                 ; 5183700,1986661051,-2117940946,-1838011259,-1564481375,-1474664885,-1035236496,- ;                ;
; k                 ; 949202525,-778901479,-694614492,-200395387,275423344,430227734,506948616,6590605 ;                ;
; k                 ; 56,883997877,958139571,1322822218,1537002063,1747873779,1955562222,2024104815,-2 ;                ;
;                   ; 067236844,-1933114872,-1866530822,-1538233109,-1090935817,-965641998)            ;                ;
+-------------------+----------------------------------------------------------------------------------+----------------+
Note: In order to hide this table in the UI and the text report file, please set the "Show Parameter Settings in Synthesis Report" option in "Analysis and Synthesis Settings -> More Settings" to "Off".


+-----------------------------------------------------------------------------------------+
; Parameter Settings for User Entity Instance: simplified_sha256:sha_gen_loop[0].sha_inst ;
+----------------+-------+----------------------------------------------------------------+
; Parameter Name ; Value ; Type                                                           ;
+----------------+-------+----------------------------------------------------------------+
; NUM_OF_WORDS   ; 16    ; Signed Integer                                                 ;
+----------------+-------+----------------------------------------------------------------+
Note: In order to hide this table in the UI and the text report file, please set the "Show Parameter Settings in Synthesis Report" option in "Analysis and Synthesis Settings -> More Settings" to "Off".


+-----------------------------------------------------------------------------------------+
; Parameter Settings for User Entity Instance: simplified_sha256:sha_gen_loop[1].sha_inst ;
+----------------+-------+----------------------------------------------------------------+
; Parameter Name ; Value ; Type                                                           ;
+----------------+-------+----------------------------------------------------------------+
; NUM_OF_WORDS   ; 16    ; Signed Integer                                                 ;
+----------------+-------+----------------------------------------------------------------+
Note: In order to hide this table in the UI and the text report file, please set the "Show Parameter Settings in Synthesis Report" option in "Analysis and Synthesis Settings -> More Settings" to "Off".


+-----------------------------------------------------------------------------------------+
; Parameter Settings for User Entity Instance: simplified_sha256:sha_gen_loop[2].sha_inst ;
+----------------+-------+----------------------------------------------------------------+
; Parameter Name ; Value ; Type                                                           ;
+----------------+-------+----------------------------------------------------------------+
; NUM_OF_WORDS   ; 16    ; Signed Integer                                                 ;
+----------------+-------+----------------------------------------------------------------+
Note: In order to hide this table in the UI and the text report file, please set the "Show Parameter Settings in Synthesis Report" option in "Analysis and Synthesis Settings -> More Settings" to "Off".


+-----------------------------------------------------------------------------------------+
; Parameter Settings for User Entity Instance: simplified_sha256:sha_gen_loop[3].sha_inst ;
+----------------+-------+----------------------------------------------------------------+
; Parameter Name ; Value ; Type                                                           ;
+----------------+-------+----------------------------------------------------------------+
; NUM_OF_WORDS   ; 16    ; Signed Integer                                                 ;
+----------------+-------+----------------------------------------------------------------+
Note: In order to hide this table in the UI and the text report file, please set the "Show Parameter Settings in Synthesis Report" option in "Analysis and Synthesis Settings -> More Settings" to "Off".


+-----------------------------------------------------------------------------------------+
; Parameter Settings for User Entity Instance: simplified_sha256:sha_gen_loop[4].sha_inst ;
+----------------+-------+----------------------------------------------------------------+
; Parameter Name ; Value ; Type                                                           ;
+----------------+-------+----------------------------------------------------------------+
; NUM_OF_WORDS   ; 16    ; Signed Integer                                                 ;
+----------------+-------+----------------------------------------------------------------+
Note: In order to hide this table in the UI and the text report file, please set the "Show Parameter Settings in Synthesis Report" option in "Analysis and Synthesis Settings -> More Settings" to "Off".


+-----------------------------------------------------------------------------------------+
; Parameter Settings for User Entity Instance: simplified_sha256:sha_gen_loop[5].sha_inst ;
+----------------+-------+----------------------------------------------------------------+
; Parameter Name ; Value ; Type                                                           ;
+----------------+-------+----------------------------------------------------------------+
; NUM_OF_WORDS   ; 16    ; Signed Integer                                                 ;
+----------------+-------+----------------------------------------------------------------+
Note: In order to hide this table in the UI and the text report file, please set the "Show Parameter Settings in Synthesis Report" option in "Analysis and Synthesis Settings -> More Settings" to "Off".


+-----------------------------------------------------------------------------------------+
; Parameter Settings for User Entity Instance: simplified_sha256:sha_gen_loop[6].sha_inst ;
+----------------+-------+----------------------------------------------------------------+
; Parameter Name ; Value ; Type                                                           ;
+----------------+-------+----------------------------------------------------------------+
; NUM_OF_WORDS   ; 16    ; Signed Integer                                                 ;
+----------------+-------+----------------------------------------------------------------+
Note: In order to hide this table in the UI and the text report file, please set the "Show Parameter Settings in Synthesis Report" option in "Analysis and Synthesis Settings -> More Settings" to "Off".


+-----------------------------------------------------------------------------------------+
; Parameter Settings for User Entity Instance: simplified_sha256:sha_gen_loop[7].sha_inst ;
+----------------+-------+----------------------------------------------------------------+
; Parameter Name ; Value ; Type                                                           ;
+----------------+-------+----------------------------------------------------------------+
; NUM_OF_WORDS   ; 16    ; Signed Integer                                                 ;
+----------------+-------+----------------------------------------------------------------+
Note: In order to hide this table in the UI and the text report file, please set the "Show Parameter Settings in Synthesis Report" option in "Analysis and Synthesis Settings -> More Settings" to "Off".


+---------------------------------------------------------------------------------------------------------------------------------+
; Analysis & Elaboration Settings                                                                                                 ;
+---------------------------------------------------------------------------------+-----------------------+-----------------------+
; Option                                                                          ; Setting               ; Default Value         ;
+---------------------------------------------------------------------------------+-----------------------+-----------------------+
; Device                                                                          ; EP2AGX45DF29I5        ;                       ;
; Top-level entity name                                                           ; parallel_bitcoin_hash ; parallel_bitcoin_hash ;
; Family name                                                                     ; Arria II GX           ; Cyclone V             ;
; VHDL Show LMF Mapping Messages                                                  ; Off                   ;                       ;
; Verilog Show LMF Mapping Messages                                               ; Off                   ;                       ;
; Verilog Version                                                                 ; SystemVerilog_2005    ; Verilog_2001          ;
; VHDL Version                                                                    ; VHDL_2008             ; VHDL_1993             ;
; Use smart compilation                                                           ; Off                   ; Off                   ;
; Enable parallel Assembler and Timing Analyzer during compilation                ; On                    ; On                    ;
; Enable compact report table                                                     ; Off                   ; Off                   ;
; Restructure Multiplexers                                                        ; Auto                  ; Auto                  ;
; MLAB Add Timing Constraints For Mixed-Port Feed-Through Mode Setting Don't Care ; Off                   ; Off                   ;
; Create Debugging Nodes for IP Cores                                             ; Off                   ; Off                   ;
; Preserve fewer node names                                                       ; On                    ; On                    ;
; Intel FPGA IP Evaluation Mode                                                   ; Enable                ; Enable                ;
; State Machine Processing                                                        ; Auto                  ; Auto                  ;
; Safe State Machine                                                              ; Off                   ; Off                   ;
; Extract Verilog State Machines                                                  ; On                    ; On                    ;
; Extract VHDL State Machines                                                     ; On                    ; On                    ;
; Ignore Verilog initial constructs                                               ; Off                   ; Off                   ;
; Iteration limit for constant Verilog loops                                      ; 5000                  ; 5000                  ;
; Iteration limit for non-constant Verilog loops                                  ; 250                   ; 250                   ;
; Add Pass-Through Logic to Inferred RAMs                                         ; On                    ; On                    ;
; Infer RAMs from Raw Logic                                                       ; On                    ; On                    ;
; Parallel Synthesis                                                              ; On                    ; On                    ;
; DSP Block Balancing                                                             ; Auto                  ; Auto                  ;
; NOT Gate Push-Back                                                              ; On                    ; On                    ;
; Power-Up Don't Care                                                             ; On                    ; On                    ;
; Remove Redundant Logic Cells                                                    ; Off                   ; Off                   ;
; Remove Duplicate Registers                                                      ; On                    ; On                    ;
; Ignore CARRY Buffers                                                            ; Off                   ; Off                   ;
; Ignore CASCADE Buffers                                                          ; Off                   ; Off                   ;
; Ignore GLOBAL Buffers                                                           ; Off                   ; Off                   ;
; Ignore ROW GLOBAL Buffers                                                       ; Off                   ; Off                   ;
; Ignore LCELL Buffers                                                            ; Off                   ; Off                   ;
; Ignore SOFT Buffers                                                             ; On                    ; On                    ;
; Limit AHDL Integers to 32 Bits                                                  ; Off                   ; Off                   ;
; Optimization Technique                                                          ; Balanced              ; Balanced              ;
; Carry Chain Length                                                              ; 70                    ; 70                    ;
; Auto Carry Chains                                                               ; On                    ; On                    ;
; Auto Open-Drain Pins                                                            ; On                    ; On                    ;
; Perform WYSIWYG Primitive Resynthesis                                           ; Off                   ; Off                   ;
; Auto ROM Replacement                                                            ; On                    ; On                    ;
; Auto RAM Replacement                                                            ; On                    ; On                    ;
; Auto DSP Block Replacement                                                      ; On                    ; On                    ;
; Auto Shift Register Replacement                                                 ; Auto                  ; Auto                  ;
; Allow Shift Register Merging across Hierarchies                                 ; Auto                  ; Auto                  ;
; Auto Clock Enable Replacement                                                   ; On                    ; On                    ;
; Strict RAM Replacement                                                          ; Off                   ; Off                   ;
; Allow Synchronous Control Signals                                               ; On                    ; On                    ;
; Force Use of Synchronous Clear Signals                                          ; Off                   ; Off                   ;
; Auto RAM Block Balancing                                                        ; On                    ; On                    ;
; Auto RAM to Logic Cell Conversion                                               ; Off                   ; Off                   ;
; Auto Resource Sharing                                                           ; Off                   ; Off                   ;
; Allow Any RAM Size For Recognition                                              ; Off                   ; Off                   ;
; Allow Any ROM Size For Recognition                                              ; Off                   ; Off                   ;
; Allow Any Shift Register Size For Recognition                                   ; Off                   ; Off                   ;
; Use LogicLock Constraints during Resource Balancing                             ; On                    ; On                    ;
; Ignore translate_off and synthesis_off directives                               ; Off                   ; Off                   ;
; Timing-Driven Synthesis                                                         ; On                    ; On                    ;
; Report Parameter Settings                                                       ; On                    ; On                    ;
; Report Source Assignments                                                       ; On                    ; On                    ;
; Report Connectivity Checks                                                      ; On                    ; On                    ;
; Ignore Maximum Fan-Out Assignments                                              ; Off                   ; Off                   ;
; Synchronization Register Chain Length                                           ; 3                     ; 3                     ;
; Power Optimization During Synthesis                                             ; Normal compilation    ; Normal compilation    ;
; HDL message level                                                               ; Level2                ; Level2                ;
; Suppress Register Optimization Related Messages                                 ; Off                   ; Off                   ;
; Number of Removed Registers Reported in Synthesis Report                        ; 5000                  ; 5000                  ;
; Number of Swept Nodes Reported in Synthesis Report                              ; 5000                  ; 5000                  ;
; Number of Inverted Registers Reported in Synthesis Report                       ; 100                   ; 100                   ;
; Clock MUX Protection                                                            ; On                    ; On                    ;
; Auto Gated Clock Conversion                                                     ; Off                   ; Off                   ;
; Block Design Naming                                                             ; Auto                  ; Auto                  ;
; SDC constraint protection                                                       ; Off                   ; Off                   ;
; Synthesis Effort                                                                ; Auto                  ; Auto                  ;
; Shift Register Replacement - Allow Asynchronous Clear Signal                    ; On                    ; On                    ;
; Pre-Mapping Resynthesis Optimization                                            ; Off                   ; Off                   ;
; Analysis & Synthesis Message Level                                              ; Medium                ; Medium                ;
; Disable Register Merging Across Hierarchies                                     ; Auto                  ; Auto                  ;
; Resource Aware Inference For Block RAM                                          ; On                    ; On                    ;
+---------------------------------------------------------------------------------+-----------------------+-----------------------+


+---------------------------------------------------------------------------------------------------------------------------------+
; Port Connectivity Checks: "simplified_sha256:sha_gen_loop[7].sha_inst"                                                          ;
+-----------------------+--------+----------+-------------------------------------------------------------------------------------+
; Port                  ; Type   ; Severity ; Details                                                                             ;
+-----------------------+--------+----------+-------------------------------------------------------------------------------------+
; mem_clk               ; Output ; Info     ; Explicitly unconnected                                                              ;
; mem_write_data[31..1] ; Output ; Info     ; Connected to dangling logic. Logic that only feeds a dangling port will be removed. ;
+-----------------------+--------+----------+-------------------------------------------------------------------------------------+


+---------------------------------------------------------------------------------------------------------------------------------+
; Port Connectivity Checks: "simplified_sha256:sha_gen_loop[6].sha_inst"                                                          ;
+-----------------------+--------+----------+-------------------------------------------------------------------------------------+
; Port                  ; Type   ; Severity ; Details                                                                             ;
+-----------------------+--------+----------+-------------------------------------------------------------------------------------+
; mem_clk               ; Output ; Info     ; Explicitly unconnected                                                              ;
; mem_write_data[31..1] ; Output ; Info     ; Connected to dangling logic. Logic that only feeds a dangling port will be removed. ;
+-----------------------+--------+----------+-------------------------------------------------------------------------------------+


+---------------------------------------------------------------------------------------------------------------------------------+
; Port Connectivity Checks: "simplified_sha256:sha_gen_loop[5].sha_inst"                                                          ;
+-----------------------+--------+----------+-------------------------------------------------------------------------------------+
; Port                  ; Type   ; Severity ; Details                                                                             ;
+-----------------------+--------+----------+-------------------------------------------------------------------------------------+
; mem_clk               ; Output ; Info     ; Explicitly unconnected                                                              ;
; mem_write_data[31..1] ; Output ; Info     ; Connected to dangling logic. Logic that only feeds a dangling port will be removed. ;
+-----------------------+--------+----------+-------------------------------------------------------------------------------------+


+---------------------------------------------------------------------------------------------------------------------------------+
; Port Connectivity Checks: "simplified_sha256:sha_gen_loop[4].sha_inst"                                                          ;
+-----------------------+--------+----------+-------------------------------------------------------------------------------------+
; Port                  ; Type   ; Severity ; Details                                                                             ;
+-----------------------+--------+----------+-------------------------------------------------------------------------------------+
; mem_clk               ; Output ; Info     ; Explicitly unconnected                                                              ;
; mem_write_data[31..1] ; Output ; Info     ; Connected to dangling logic. Logic that only feeds a dangling port will be removed. ;
+-----------------------+--------+----------+-------------------------------------------------------------------------------------+


+---------------------------------------------------------------------------------------------------------------------------------+
; Port Connectivity Checks: "simplified_sha256:sha_gen_loop[3].sha_inst"                                                          ;
+-----------------------+--------+----------+-------------------------------------------------------------------------------------+
; Port                  ; Type   ; Severity ; Details                                                                             ;
+-----------------------+--------+----------+-------------------------------------------------------------------------------------+
; mem_clk               ; Output ; Info     ; Explicitly unconnected                                                              ;
; mem_write_data[31..1] ; Output ; Info     ; Connected to dangling logic. Logic that only feeds a dangling port will be removed. ;
+-----------------------+--------+----------+-------------------------------------------------------------------------------------+


+---------------------------------------------------------------------------------------------------------------------------------+
; Port Connectivity Checks: "simplified_sha256:sha_gen_loop[2].sha_inst"                                                          ;
+-----------------------+--------+----------+-------------------------------------------------------------------------------------+
; Port                  ; Type   ; Severity ; Details                                                                             ;
+-----------------------+--------+----------+-------------------------------------------------------------------------------------+
; mem_clk               ; Output ; Info     ; Explicitly unconnected                                                              ;
; mem_write_data[31..1] ; Output ; Info     ; Connected to dangling logic. Logic that only feeds a dangling port will be removed. ;
+-----------------------+--------+----------+-------------------------------------------------------------------------------------+


+---------------------------------------------------------------------------------------------------------------------------------+
; Port Connectivity Checks: "simplified_sha256:sha_gen_loop[1].sha_inst"                                                          ;
+-----------------------+--------+----------+-------------------------------------------------------------------------------------+
; Port                  ; Type   ; Severity ; Details                                                                             ;
+-----------------------+--------+----------+-------------------------------------------------------------------------------------+
; mem_clk               ; Output ; Info     ; Explicitly unconnected                                                              ;
; mem_write_data[31..1] ; Output ; Info     ; Connected to dangling logic. Logic that only feeds a dangling port will be removed. ;
+-----------------------+--------+----------+-------------------------------------------------------------------------------------+


+---------------------------------------------------------------------------------------------------------------------------------+
; Port Connectivity Checks: "simplified_sha256:sha_gen_loop[0].sha_inst"                                                          ;
+-----------------------+--------+----------+-------------------------------------------------------------------------------------+
; Port                  ; Type   ; Severity ; Details                                                                             ;
+-----------------------+--------+----------+-------------------------------------------------------------------------------------+
; mem_clk               ; Output ; Info     ; Explicitly unconnected                                                              ;
; mem_write_data[31..1] ; Output ; Info     ; Connected to dangling logic. Logic that only feeds a dangling port will be removed. ;
+-----------------------+--------+----------+-------------------------------------------------------------------------------------+


+---------------------------------+
; Analysis & Elaboration Messages ;
+---------------------------------+
Info: *******************************************************************
Info: Running Quartus Prime Analysis & Elaboration
    Info: Version 20.1.0 Build 711 06/05/2020 SJ Lite Edition
    Info: Processing started: Sat Jun 10 14:42:21 2023
Info: Command: quartus_map --read_settings_files=on --write_settings_files=off parallel_bitcoin_hash -c parallel_bitcoin_hash --analysis_and_elaboration
Warning (18236): Number of processors has not been specified which may cause overloading on shared machines.  Set the global assignment NUM_PARALLEL_PROCESSORS in your QSF to an appropriate value for best performance.
Info (20030): Parallel compilation is enabled and will use 10 of the 10 processors detected
Info (12021): Found 1 design units, including 1 entities, in source file tb_parallel_bitcoin_hash.sv
    Info (12023): Found entity 1: tb_bitcoin_hash File: C:/Users/jacob/Documents/GitHub/ECE 111/ECE_111_Bitcoin_Miner/parallel_bitcoin_hash/tb_parallel_bitcoin_hash.sv Line: 1
Info (12021): Found 1 design units, including 1 entities, in source file simplified_sha256.sv
    Info (12023): Found entity 1: simplified_sha256 File: C:/Users/jacob/Documents/GitHub/ECE 111/ECE_111_Bitcoin_Miner/parallel_bitcoin_hash/simplified_sha256.sv Line: 1
Info (12021): Found 1 design units, including 1 entities, in source file parallel_bitcoin_hash.sv
    Info (12023): Found entity 1: parallel_bitcoin_hash File: C:/Users/jacob/Documents/GitHub/ECE 111/ECE_111_Bitcoin_Miner/parallel_bitcoin_hash/parallel_bitcoin_hash.sv Line: 1
Warning (10222): Verilog HDL Parameter Declaration warning at simplified_sha256.sv(35): Parameter Declaration in module "simplified_sha256" behaves as a Local Parameter Declaration because the module has a Module Parameter Port List File: C:/Users/jacob/Documents/GitHub/ECE 111/ECE_111_Bitcoin_Miner/parallel_bitcoin_hash/simplified_sha256.sv Line: 35
Info (12127): Elaborating entity "parallel_bitcoin_hash" for the top level hierarchy
Info (10008): Verilog HDL or VHDL information: EDA Netlist Writer cannot regroup multidimensional array "H_B2" into its bus
Info (10008): Verilog HDL or VHDL information: EDA Netlist Writer cannot regroup multidimensional array "sha_output" into its bus
Info (12128): Elaborating entity "simplified_sha256" for hierarchy "simplified_sha256:sha_gen_loop[0].sha_inst" File: C:/Users/jacob/Documents/GitHub/ECE 111/ECE_111_Bitcoin_Miner/parallel_bitcoin_hash/parallel_bitcoin_hash.sv Line: 72
Info (144001): Generated suppressed messages file C:/Users/jacob/Documents/GitHub/ECE 111/ECE_111_Bitcoin_Miner/parallel_bitcoin_hash/output_files/parallel_bitcoin_hash.map.smsg
Info: Quartus Prime Analysis & Elaboration was successful. 0 errors, 2 warnings
    Info: Peak virtual memory: 4916 megabytes
    Info: Processing ended: Sat Jun 10 14:42:28 2023
    Info: Elapsed time: 00:00:07
    Info: Total CPU time (on all processors): 00:00:10


+--------------------------------------------+
; Analysis & Elaboration Suppressed Messages ;
+--------------------------------------------+
The suppressed messages can be found in C:/Users/jacob/Documents/GitHub/ECE 111/ECE_111_Bitcoin_Miner/parallel_bitcoin_hash/output_files/parallel_bitcoin_hash.map.smsg.


