Analysis & Synthesis report for bitcoin_hash
Sat Jun 10 17:09:11 2023
Quartus Prime Version 20.1.0 Build 711 06/05/2020 SJ Lite Edition


---------------------
; Table of Contents ;
---------------------
  1. Legal Notice
  2. Analysis & Synthesis Summary
  3. Analysis & Synthesis Settings
  4. Parallel Compilation
  5. Analysis & Synthesis Source Files Read
  6. Analysis & Synthesis Resource Usage Summary
  7. Analysis & Synthesis Resource Utilization by Entity
  8. State Machine - |bitcoin_hash|state
  9. State Machine - |bitcoin_hash|simplified_sha256:sha_inst|write_case_var
 10. State Machine - |bitcoin_hash|simplified_sha256:sha_inst|state
 11. Registers Removed During Synthesis
 12. General Register Statistics
 13. Inverted Register Statistics
 14. Multiplexer Restructuring Statistics (Restructuring Performed)
 15. Parameter Settings for User Entity Instance: Top-level Entity: |bitcoin_hash
 16. Parameter Settings for User Entity Instance: simplified_sha256:sha_inst
 17. Post-Synthesis Netlist Statistics for Top Partition
 18. Elapsed Time Per Partition
 19. Analysis & Synthesis Messages
 20. Analysis & Synthesis Suppressed Messages



----------------
; Legal Notice ;
----------------
Copyright (C) 2020  Intel Corporation. All rights reserved.
Your use of Intel Corporation's design tools, logic functions 
and other software and tools, and any partner logic 
functions, and any output files from any of the foregoing 
(including device programming or simulation files), and any 
associated documentation or information are expressly subject 
to the terms and conditions of the Intel Program License 
Subscription Agreement, the Intel Quartus Prime License Agreement,
the Intel FPGA IP License Agreement, or other applicable license
agreement, including, without limitation, that your use is for
the sole purpose of programming logic devices manufactured by
Intel and sold by Intel or its authorized distributors.  Please
refer to the applicable agreement for further details, at
https://fpgasoftware.intel.com/eula.



+---------------------------------------------------------------------------------+
; Analysis & Synthesis Summary                                                    ;
+-----------------------------------+---------------------------------------------+
; Analysis & Synthesis Status       ; Successful - Sat Jun 10 17:09:11 2023       ;
; Quartus Prime Version             ; 20.1.0 Build 711 06/05/2020 SJ Lite Edition ;
; Revision Name                     ; bitcoin_hash                                ;
; Top-level Entity Name             ; bitcoin_hash                                ;
; Family                            ; Arria II GX                                 ;
; Logic utilization                 ; N/A                                         ;
;     Combinational ALUTs           ; 8,076                                       ;
;     Memory ALUTs                  ; 0                                           ;
;     Dedicated logic registers     ; 4,092                                       ;
; Total registers                   ; 4092                                        ;
; Total pins                        ; 118                                         ;
; Total virtual pins                ; 0                                           ;
; Total block memory bits           ; 0                                           ;
; DSP block 18-bit elements         ; 0                                           ;
; Total GXB Receiver Channel PCS    ; 0                                           ;
; Total GXB Receiver Channel PMA    ; 0                                           ;
; Total GXB Transmitter Channel PCS ; 0                                           ;
; Total GXB Transmitter Channel PMA ; 0                                           ;
; Total PLLs                        ; 0                                           ;
; Total DLLs                        ; 0                                           ;
+-----------------------------------+---------------------------------------------+


+---------------------------------------------------------------------------------------------------------------------------+
; Analysis & Synthesis Settings                                                                                             ;
+---------------------------------------------------------------------------------+--------------------+--------------------+
; Option                                                                          ; Setting            ; Default Value      ;
+---------------------------------------------------------------------------------+--------------------+--------------------+
; Device                                                                          ; EP2AGX45DF29I5     ;                    ;
; Top-level entity name                                                           ; bitcoin_hash       ; bitcoin_hash       ;
; Family name                                                                     ; Arria II GX        ; Cyclone V          ;
; Use smart compilation                                                           ; Off                ; Off                ;
; Enable parallel Assembler and Timing Analyzer during compilation                ; On                 ; On                 ;
; Enable compact report table                                                     ; Off                ; Off                ;
; Restructure Multiplexers                                                        ; Auto               ; Auto               ;
; MLAB Add Timing Constraints For Mixed-Port Feed-Through Mode Setting Don't Care ; Off                ; Off                ;
; Create Debugging Nodes for IP Cores                                             ; Off                ; Off                ;
; Preserve fewer node names                                                       ; On                 ; On                 ;
; Intel FPGA IP Evaluation Mode                                                   ; Enable             ; Enable             ;
; Verilog Version                                                                 ; Verilog_2001       ; Verilog_2001       ;
; VHDL Version                                                                    ; VHDL_1993          ; VHDL_1993          ;
; State Machine Processing                                                        ; Auto               ; Auto               ;
; Safe State Machine                                                              ; Off                ; Off                ;
; Extract Verilog State Machines                                                  ; On                 ; On                 ;
; Extract VHDL State Machines                                                     ; On                 ; On                 ;
; Ignore Verilog initial constructs                                               ; Off                ; Off                ;
; Iteration limit for constant Verilog loops                                      ; 5000               ; 5000               ;
; Iteration limit for non-constant Verilog loops                                  ; 250                ; 250                ;
; Add Pass-Through Logic to Inferred RAMs                                         ; On                 ; On                 ;
; Infer RAMs from Raw Logic                                                       ; On                 ; On                 ;
; Parallel Synthesis                                                              ; On                 ; On                 ;
; DSP Block Balancing                                                             ; Auto               ; Auto               ;
; NOT Gate Push-Back                                                              ; On                 ; On                 ;
; Power-Up Don't Care                                                             ; On                 ; On                 ;
; Remove Redundant Logic Cells                                                    ; Off                ; Off                ;
; Remove Duplicate Registers                                                      ; On                 ; On                 ;
; Ignore CARRY Buffers                                                            ; Off                ; Off                ;
; Ignore CASCADE Buffers                                                          ; Off                ; Off                ;
; Ignore GLOBAL Buffers                                                           ; Off                ; Off                ;
; Ignore ROW GLOBAL Buffers                                                       ; Off                ; Off                ;
; Ignore LCELL Buffers                                                            ; Off                ; Off                ;
; Ignore SOFT Buffers                                                             ; On                 ; On                 ;
; Limit AHDL Integers to 32 Bits                                                  ; Off                ; Off                ;
; Optimization Technique                                                          ; Balanced           ; Balanced           ;
; Carry Chain Length                                                              ; 70                 ; 70                 ;
; Auto Carry Chains                                                               ; On                 ; On                 ;
; Auto Open-Drain Pins                                                            ; On                 ; On                 ;
; Perform WYSIWYG Primitive Resynthesis                                           ; Off                ; Off                ;
; Auto ROM Replacement                                                            ; On                 ; On                 ;
; Auto RAM Replacement                                                            ; On                 ; On                 ;
; Auto DSP Block Replacement                                                      ; On                 ; On                 ;
; Auto Shift Register Replacement                                                 ; Auto               ; Auto               ;
; Allow Shift Register Merging across Hierarchies                                 ; Auto               ; Auto               ;
; Auto Clock Enable Replacement                                                   ; On                 ; On                 ;
; Strict RAM Replacement                                                          ; Off                ; Off                ;
; Allow Synchronous Control Signals                                               ; On                 ; On                 ;
; Force Use of Synchronous Clear Signals                                          ; Off                ; Off                ;
; Auto RAM Block Balancing                                                        ; On                 ; On                 ;
; Auto RAM to Logic Cell Conversion                                               ; Off                ; Off                ;
; Auto Resource Sharing                                                           ; Off                ; Off                ;
; Allow Any RAM Size For Recognition                                              ; Off                ; Off                ;
; Allow Any ROM Size For Recognition                                              ; Off                ; Off                ;
; Allow Any Shift Register Size For Recognition                                   ; Off                ; Off                ;
; Use LogicLock Constraints during Resource Balancing                             ; On                 ; On                 ;
; Ignore translate_off and synthesis_off directives                               ; Off                ; Off                ;
; Timing-Driven Synthesis                                                         ; On                 ; On                 ;
; Report Parameter Settings                                                       ; On                 ; On                 ;
; Report Source Assignments                                                       ; On                 ; On                 ;
; Report Connectivity Checks                                                      ; On                 ; On                 ;
; Ignore Maximum Fan-Out Assignments                                              ; Off                ; Off                ;
; Synchronization Register Chain Length                                           ; 3                  ; 3                  ;
; Power Optimization During Synthesis                                             ; Normal compilation ; Normal compilation ;
; HDL message level                                                               ; Level2             ; Level2             ;
; Suppress Register Optimization Related Messages                                 ; Off                ; Off                ;
; Number of Removed Registers Reported in Synthesis Report                        ; 5000               ; 5000               ;
; Number of Swept Nodes Reported in Synthesis Report                              ; 5000               ; 5000               ;
; Number of Inverted Registers Reported in Synthesis Report                       ; 100                ; 100                ;
; Clock MUX Protection                                                            ; On                 ; On                 ;
; Auto Gated Clock Conversion                                                     ; Off                ; Off                ;
; Block Design Naming                                                             ; Auto               ; Auto               ;
; SDC constraint protection                                                       ; Off                ; Off                ;
; Synthesis Effort                                                                ; Auto               ; Auto               ;
; Shift Register Replacement - Allow Asynchronous Clear Signal                    ; On                 ; On                 ;
; Pre-Mapping Resynthesis Optimization                                            ; Off                ; Off                ;
; Analysis & Synthesis Message Level                                              ; Medium             ; Medium             ;
; Disable Register Merging Across Hierarchies                                     ; Auto               ; Auto               ;
; Resource Aware Inference For Block RAM                                          ; On                 ; On                 ;
+---------------------------------------------------------------------------------+--------------------+--------------------+


+------------------------------------------+
; Parallel Compilation                     ;
+----------------------------+-------------+
; Processors                 ; Number      ;
+----------------------------+-------------+
; Number detected on machine ; 8           ;
; Maximum allowed            ; 4           ;
;                            ;             ;
; Average used               ; 1.00        ;
; Maximum used               ; 4           ;
;                            ;             ;
; Usage by Processor         ; % Time Used ;
;     Processor 1            ; 100.0%      ;
;     Processor 2            ;   0.1%      ;
;     Processor 3            ;   0.1%      ;
;     Processor 4            ;   0.1%      ;
+----------------------------+-------------+


+---------------------------------------------------------------------------------------------------------------------------------------------------------------------------------------------+
; Analysis & Synthesis Source Files Read                                                                                                                                                      ;
+----------------------------------+-----------------+------------------------------+-----------------------------------------------------------------------------------------------+---------+
; File Name with User-Entered Path ; Used in Netlist ; File Type                    ; File Name with Absolute Path                                                                  ; Library ;
+----------------------------------+-----------------+------------------------------+-----------------------------------------------------------------------------------------------+---------+
; simplified_sha256.sv             ; yes             ; User SystemVerilog HDL File  ; C:/Users/yrmho/Documents/SP23/ECE 111/ECE_111_Bitcoin_Miner/bitcoin_hash/simplified_sha256.sv ;         ;
; bitcoin_hash.sv                  ; yes             ; User SystemVerilog HDL File  ; C:/Users/yrmho/Documents/SP23/ECE 111/ECE_111_Bitcoin_Miner/bitcoin_hash/bitcoin_hash.sv      ;         ;
+----------------------------------+-----------------+------------------------------+-----------------------------------------------------------------------------------------------+---------+


+-----------------------------------------------------------+
; Analysis & Synthesis Resource Usage Summary               ;
+-----------------------------------------------+-----------+
; Resource                                      ; Usage     ;
+-----------------------------------------------+-----------+
; Estimated ALUTs Used                          ; 8076      ;
;     -- Combinational ALUTs                    ; 8076      ;
;     -- Memory ALUTs                           ; 0         ;
;     -- LUT_REGs                               ; 0         ;
; Dedicated logic registers                     ; 4092      ;
;                                               ;           ;
; Estimated ALUTs Unavailable                   ; 6         ;
;     -- Due to unpartnered combinational logic ; 6         ;
;     -- Due to Memory ALUTs                    ; 0         ;
;                                               ;           ;
; Total combinational functions                 ; 8076      ;
; Combinational ALUT usage by number of inputs  ;           ;
;     -- 7 input functions                      ; 6         ;
;     -- 6 input functions                      ; 897       ;
;     -- 5 input functions                      ; 55        ;
;     -- 4 input functions                      ; 142       ;
;     -- <=3 input functions                    ; 6976      ;
;                                               ;           ;
; Combinational ALUTs by mode                   ;           ;
;     -- normal mode                            ; 4434      ;
;     -- extended LUT mode                      ; 6         ;
;     -- arithmetic mode                        ; 1956      ;
;     -- shared arithmetic mode                 ; 1680      ;
;                                               ;           ;
; Estimated ALUT/register pairs used            ; 9457      ;
;                                               ;           ;
; Total registers                               ; 4092      ;
;     -- Dedicated logic registers              ; 4092      ;
;     -- I/O registers                          ; 0         ;
;     -- LUT_REGs                               ; 0         ;
;                                               ;           ;
;                                               ;           ;
; I/O pins                                      ; 118       ;
;                                               ;           ;
; DSP block 18-bit elements                     ; 0         ;
;                                               ;           ;
; Maximum fan-out node                          ; clk~input ;
; Maximum fan-out                               ; 4093      ;
; Total fan-out                                 ; 42214     ;
; Average fan-out                               ; 3.40      ;
+-----------------------------------------------+-----------+


+------------------------------------------------------------------------------------------------------------------------------------------------------------------------------------------------------------------------------------------------------------------------+
; Analysis & Synthesis Resource Utilization by Entity                                                                                                                                                                                                                    ;
+---------------------------------+---------------------+---------------------------+-------------------+--------------+---------+-----------+-----------+-----------+------+--------------+------------------------------------------+-------------------+--------------+
; Compilation Hierarchy Node      ; Combinational ALUTs ; Dedicated Logic Registers ; Block Memory Bits ; DSP Elements ; DSP 9x9 ; DSP 12x12 ; DSP 18x18 ; DSP 36x36 ; Pins ; Virtual Pins ; Full Hierarchy Name                      ; Entity Name       ; Library Name ;
+---------------------------------+---------------------+---------------------------+-------------------+--------------+---------+-----------+-----------+-----------+------+--------------+------------------------------------------+-------------------+--------------+
; |bitcoin_hash                   ; 8076 (637)          ; 4092 (923)                ; 0                 ; 0            ; 0       ; 0         ; 0         ; 0         ; 118  ; 0            ; |bitcoin_hash                            ; bitcoin_hash      ; work         ;
;    |simplified_sha256:sha_inst| ; 7439 (7439)         ; 3169 (3169)               ; 0                 ; 0            ; 0       ; 0         ; 0         ; 0         ; 0    ; 0            ; |bitcoin_hash|simplified_sha256:sha_inst ; simplified_sha256 ; work         ;
+---------------------------------+---------------------+---------------------------+-------------------+--------------+---------+-----------+-----------+-----------+------+--------------+------------------------------------------+-------------------+--------------+
Note: For table entries with two numbers listed, the numbers in parentheses indicate the number of resources of the given type used by the specific entity alone. The numbers listed outside of parentheses indicate the total resources of the given type used by the specific entity and all of its sub-entities in the hierarchy.


Encoding Type:  One-Hot
+-----------------------------------------------------------------------------------------+
; State Machine - |bitcoin_hash|state                                                     ;
+---------------+---------------+------------+---------------+------------+---------------+
; Name          ; state.PHASE_3 ; state.DONE ; state.PHASE_2 ; state.IDLE ; state.PHASE_1 ;
+---------------+---------------+------------+---------------+------------+---------------+
; state.IDLE    ; 0             ; 0          ; 0             ; 0          ; 0             ;
; state.PHASE_1 ; 0             ; 0          ; 0             ; 1          ; 1             ;
; state.PHASE_2 ; 0             ; 0          ; 1             ; 1          ; 0             ;
; state.DONE    ; 0             ; 1          ; 0             ; 1          ; 0             ;
; state.PHASE_3 ; 1             ; 0          ; 0             ; 1          ; 0             ;
+---------------+---------------+------------+---------------+------------+---------------+


Encoding Type:  One-Hot
+-----------------------------------------------------------------------------------------------------------------------------------------------------------------------------------------------------------------------------------------------+
; State Machine - |bitcoin_hash|simplified_sha256:sha_inst|write_case_var                                                                                                                                                                       ;
+-----------------------+-----------------------+-----------------------+-----------------------+-----------------------+-----------------------+-----------------------+-----------------------+-----------------------+-----------------------+
; Name                  ; write_case_var.000111 ; write_case_var.000110 ; write_case_var.000101 ; write_case_var.000100 ; write_case_var.000011 ; write_case_var.000010 ; write_case_var.000001 ; write_case_var.000000 ; write_case_var.001000 ;
+-----------------------+-----------------------+-----------------------+-----------------------+-----------------------+-----------------------+-----------------------+-----------------------+-----------------------+-----------------------+
; write_case_var.000000 ; 0                     ; 0                     ; 0                     ; 0                     ; 0                     ; 0                     ; 0                     ; 0                     ; 0                     ;
; write_case_var.000001 ; 0                     ; 0                     ; 0                     ; 0                     ; 0                     ; 0                     ; 1                     ; 1                     ; 0                     ;
; write_case_var.000010 ; 0                     ; 0                     ; 0                     ; 0                     ; 0                     ; 1                     ; 0                     ; 1                     ; 0                     ;
; write_case_var.000011 ; 0                     ; 0                     ; 0                     ; 0                     ; 1                     ; 0                     ; 0                     ; 1                     ; 0                     ;
; write_case_var.000100 ; 0                     ; 0                     ; 0                     ; 1                     ; 0                     ; 0                     ; 0                     ; 1                     ; 0                     ;
; write_case_var.000101 ; 0                     ; 0                     ; 1                     ; 0                     ; 0                     ; 0                     ; 0                     ; 1                     ; 0                     ;
; write_case_var.000110 ; 0                     ; 1                     ; 0                     ; 0                     ; 0                     ; 0                     ; 0                     ; 1                     ; 0                     ;
; write_case_var.000111 ; 1                     ; 0                     ; 0                     ; 0                     ; 0                     ; 0                     ; 0                     ; 1                     ; 0                     ;
; write_case_var.001000 ; 0                     ; 0                     ; 0                     ; 0                     ; 0                     ; 0                     ; 0                     ; 1                     ; 1                     ;
+-----------------------+-----------------------+-----------------------+-----------------------+-----------------------+-----------------------+-----------------------+-----------------------+-----------------------+-----------------------+


Encoding Type:  One-Hot
+-------------------------------------------------------------------------------------+
; State Machine - |bitcoin_hash|simplified_sha256:sha_inst|state                      ;
+---------------+---------------+-------------+------------+------------+-------------+
; Name          ; state.COMPUTE ; state.BLOCK ; state.READ ; state.IDLE ; state.WRITE ;
+---------------+---------------+-------------+------------+------------+-------------+
; state.IDLE    ; 0             ; 0           ; 0          ; 0          ; 0           ;
; state.READ    ; 0             ; 0           ; 1          ; 1          ; 0           ;
; state.BLOCK   ; 0             ; 1           ; 0          ; 1          ; 0           ;
; state.COMPUTE ; 1             ; 0           ; 0          ; 1          ; 0           ;
; state.WRITE   ; 0             ; 0           ; 0          ; 1          ; 1           ;
+---------------+---------------+-------------+------------+------------+-------------+


+---------------------------------------------------------------------------------------+
; Registers Removed During Synthesis                                                    ;
+----------------------------------------------+----------------------------------------+
; Register name                                ; Reason for Removal                     ;
+----------------------------------------------+----------------------------------------+
; sha_buffer[3..7]                             ; Merged with sha_buffer[2]              ;
; sha_buffer[2]                                ; Stuck at GND due to stuck port data_in ;
; state~5                                      ; Lost fanout                            ;
; state~6                                      ; Lost fanout                            ;
; simplified_sha256:sha_inst|write_case_var~11 ; Lost fanout                            ;
; simplified_sha256:sha_inst|write_case_var~12 ; Lost fanout                            ;
; simplified_sha256:sha_inst|write_case_var~13 ; Lost fanout                            ;
; simplified_sha256:sha_inst|write_case_var~15 ; Lost fanout                            ;
; simplified_sha256:sha_inst|write_case_var~16 ; Lost fanout                            ;
; simplified_sha256:sha_inst|state~9           ; Lost fanout                            ;
; simplified_sha256:sha_inst|state~10          ; Lost fanout                            ;
; Total Number of Removed Registers = 15       ;                                        ;
+----------------------------------------------+----------------------------------------+


+------------------------------------------------------+
; General Register Statistics                          ;
+----------------------------------------------+-------+
; Statistic                                    ; Value ;
+----------------------------------------------+-------+
; Total registers                              ; 4092  ;
; Number of registers using Synchronous Clear  ; 382   ;
; Number of registers using Synchronous Load   ; 536   ;
; Number of registers using Asynchronous Clear ; 912   ;
; Number of registers using Asynchronous Load  ; 0     ;
; Number of registers using Clock Enable       ; 3713  ;
; Number of registers using Preset             ; 0     ;
+----------------------------------------------+-------+


+-----------------------------------------------------+
; Inverted Register Statistics                        ;
+-------------------------------------------+---------+
; Inverted Register                         ; Fan out ;
+-------------------------------------------+---------+
; sha_H_in[7][0]                            ; 1       ;
; sha_H_in[6][0]                            ; 1       ;
; sha_H_in[4][0]                            ; 1       ;
; sha_H_in[1][0]                            ; 1       ;
; sha_H_in[0][0]                            ; 1       ;
; sha_H_in[2][1]                            ; 1       ;
; sha_H_in[6][1]                            ; 1       ;
; sha_H_in[4][1]                            ; 1       ;
; sha_H_in[3][1]                            ; 1       ;
; sha_H_in[0][1]                            ; 1       ;
; sha_H_in[5][2]                            ; 1       ;
; sha_H_in[4][2]                            ; 1       ;
; sha_H_in[1][2]                            ; 1       ;
; sha_H_in[0][2]                            ; 1       ;
; sha_H_in[7][3]                            ; 1       ;
; sha_H_in[6][3]                            ; 1       ;
; sha_H_in[5][3]                            ; 1       ;
; sha_H_in[4][3]                            ; 1       ;
; sha_H_in[3][3]                            ; 1       ;
; sha_H_in[2][4]                            ; 1       ;
; sha_H_in[7][4]                            ; 1       ;
; sha_H_in[4][4]                            ; 1       ;
; sha_H_in[3][4]                            ; 1       ;
; sha_H_in[2][5]                            ; 1       ;
; sha_H_in[6][5]                            ; 1       ;
; sha_H_in[4][5]                            ; 1       ;
; sha_H_in[3][5]                            ; 1       ;
; sha_H_in[0][5]                            ; 1       ;
; sha_H_in[2][6]                            ; 1       ;
; sha_H_in[4][6]                            ; 1       ;
; sha_H_in[0][6]                            ; 1       ;
; sha_H_in[6][7]                            ; 1       ;
; sha_H_in[5][7]                            ; 1       ;
; sha_H_in[1][7]                            ; 1       ;
; sha_H_in[2][8]                            ; 1       ;
; sha_H_in[7][8]                            ; 1       ;
; sha_H_in[6][8]                            ; 1       ;
; sha_H_in[3][8]                            ; 1       ;
; sha_H_in[2][9]                            ; 1       ;
; sha_H_in[4][9]                            ; 1       ;
; sha_H_in[1][9]                            ; 1       ;
; sha_H_in[0][9]                            ; 1       ;
; sha_H_in[7][10]                           ; 1       ;
; sha_H_in[3][10]                           ; 1       ;
; sha_H_in[1][10]                           ; 1       ;
; sha_H_in[0][10]                           ; 1       ;
; sha_H_in[7][11]                           ; 1       ;
; sha_H_in[6][11]                           ; 1       ;
; sha_H_in[5][11]                           ; 1       ;
; sha_H_in[1][11]                           ; 1       ;
; sha_H_in[2][12]                           ; 1       ;
; sha_H_in[6][12]                           ; 1       ;
; sha_H_in[4][12]                           ; 1       ;
; sha_H_in[3][12]                           ; 1       ;
; sha_H_in[2][13]                           ; 1       ;
; sha_H_in[5][13]                           ; 1       ;
; sha_H_in[3][13]                           ; 1       ;
; sha_H_in[1][13]                           ; 1       ;
; sha_H_in[0][13]                           ; 1       ;
; sha_H_in[2][14]                           ; 1       ;
; sha_H_in[7][14]                           ; 1       ;
; sha_H_in[6][14]                           ; 1       ;
; sha_H_in[5][14]                           ; 1       ;
; sha_H_in[4][14]                           ; 1       ;
; sha_H_in[3][14]                           ; 1       ;
; sha_H_in[0][14]                           ; 1       ;
; sha_H_in[2][15]                           ; 1       ;
; sha_H_in[7][15]                           ; 1       ;
; sha_H_in[6][15]                           ; 1       ;
; sha_H_in[3][15]                           ; 1       ;
; sha_H_in[1][15]                           ; 1       ;
; sha_H_in[0][15]                           ; 1       ;
; sha_H_in[6][16]                           ; 1       ;
; sha_H_in[5][16]                           ; 1       ;
; sha_H_in[3][16]                           ; 1       ;
; sha_H_in[1][16]                           ; 1       ;
; sha_H_in[0][16]                           ; 1       ;
; sha_H_in[2][17]                           ; 1       ;
; sha_H_in[6][17]                           ; 1       ;
; sha_H_in[4][17]                           ; 1       ;
; sha_H_in[3][17]                           ; 1       ;
; sha_H_in[1][17]                           ; 1       ;
; sha_H_in[2][18]                           ; 1       ;
; sha_H_in[5][18]                           ; 1       ;
; sha_H_in[4][18]                           ; 1       ;
; sha_H_in[3][18]                           ; 1       ;
; sha_H_in[1][18]                           ; 1       ;
; sha_H_in[2][19]                           ; 1       ;
; sha_H_in[4][19]                           ; 1       ;
; sha_H_in[3][19]                           ; 1       ;
; sha_H_in[0][19]                           ; 1       ;
; sha_H_in[2][21]                           ; 1       ;
; sha_H_in[7][21]                           ; 1       ;
; sha_H_in[1][21]                           ; 1       ;
; sha_H_in[2][22]                           ; 1       ;
; sha_H_in[7][22]                           ; 1       ;
; sha_H_in[3][22]                           ; 1       ;
; sha_H_in[1][22]                           ; 1       ;
; sha_H_in[7][23]                           ; 1       ;
; sha_H_in[6][23]                           ; 1       ;
; Total number of inverted registers = 136* ;         ;
+-------------------------------------------+---------+
* Table truncated at 100 items. To change the number of inverted registers reported, set the "Number of Inverted Registers Reported" option under Assignments->Settings->Analysis and Synthesis Settings->More Settings


+------------------------------------------------------------------------------------------------------------------------------------------------------------------------------+
; Multiplexer Restructuring Statistics (Restructuring Performed)                                                                                                               ;
+--------------------+-----------+---------------+----------------------+------------------------+------------+----------------------------------------------------------------+
; Multiplexer Inputs ; Bus Width ; Baseline Area ; Area if Restructured ; Saving if Restructured ; Registered ; Example Multiplexer Output                                     ;
+--------------------+-----------+---------------+----------------------+------------------------+------------+----------------------------------------------------------------+
; 4:1                ; 16 bits   ; 32 ALUTs      ; 0 ALUTs              ; 32 ALUTs               ; Yes        ; |bitcoin_hash|simplified_sha256:sha_inst|cur_addr[5]           ;
; 5:1                ; 4 bits    ; 12 ALUTs      ; 8 ALUTs              ; 4 ALUTs                ; Yes        ; |bitcoin_hash|sha_message_addr[3]                              ;
; 5:1                ; 8 bits    ; 24 ALUTs      ; 0 ALUTs              ; 24 ALUTs               ; Yes        ; |bitcoin_hash|simplified_sha256:sha_inst|y[7]                  ;
; 5:1                ; 16 bits   ; 48 ALUTs      ; 32 ALUTs             ; 16 ALUTs               ; Yes        ; |bitcoin_hash|mem_addr[5]~reg0                                 ;
; 5:1                ; 256 bits  ; 768 ALUTs     ; 0 ALUTs              ; 768 ALUTs              ; Yes        ; |bitcoin_hash|simplified_sha256:sha_inst|h5[3]                 ;
; 5:1                ; 256 bits  ; 768 ALUTs     ; 0 ALUTs              ; 768 ALUTs              ; Yes        ; |bitcoin_hash|simplified_sha256:sha_inst|b[25]                 ;
; 6:1                ; 12 bits   ; 48 ALUTs      ; 12 ALUTs             ; 36 ALUTs               ; Yes        ; |bitcoin_hash|sha_message_addr[4]                              ;
; 6:1                ; 2 bits    ; 8 ALUTs       ; 2 ALUTs              ; 6 ALUTs                ; Yes        ; |bitcoin_hash|sha_buffer[2]                                    ;
; 7:1                ; 8 bits    ; 32 ALUTs      ; 16 ALUTs             ; 16 ALUTs               ; Yes        ; |bitcoin_hash|simplified_sha256:sha_inst|i[4]                  ;
; 9:1                ; 32 bits   ; 192 ALUTs     ; 192 ALUTs            ; 0 ALUTs                ; Yes        ; |bitcoin_hash|simplified_sha256:sha_inst|cur_write_data[31]    ;
; 9:1                ; 3 bits    ; 18 ALUTs      ; 6 ALUTs              ; 12 ALUTs               ; Yes        ; |bitcoin_hash|simplified_sha256:sha_inst|offset[1]             ;
; 10:1               ; 13 bits   ; 78 ALUTs      ; 0 ALUTs              ; 78 ALUTs               ; Yes        ; |bitcoin_hash|simplified_sha256:sha_inst|offset[8]             ;
; 17:1               ; 28 bits   ; 308 ALUTs     ; 168 ALUTs            ; 140 ALUTs              ; Yes        ; |bitcoin_hash|sha_read_data[21]                                ;
; 17:1               ; 2 bits    ; 22 ALUTs      ; 16 ALUTs             ; 6 ALUTs                ; Yes        ; |bitcoin_hash|sha_read_data[9]                                 ;
; 3:1                ; 32 bits   ; 64 ALUTs      ; 64 ALUTs             ; 0 ALUTs                ; No         ; |bitcoin_hash|nonce                                            ;
; 5:1                ; 8 bits    ; 24 ALUTs      ; 16 ALUTs             ; 8 ALUTs                ; No         ; |bitcoin_hash|simplified_sha256:sha_inst|write_case_var.000100 ;
; 64:1               ; 32 bits   ; 1344 ALUTs    ; 1344 ALUTs           ; 0 ALUTs                ; No         ; |bitcoin_hash|simplified_sha256:sha_inst|Mux15                 ;
+--------------------+-----------+---------------+----------------------+------------------------+------------+----------------------------------------------------------------+


+-----------------------------------------------------------------------------------------------------------------------+
; Parameter Settings for User Entity Instance: Top-level Entity: |bitcoin_hash                                          ;
+-------------------+----------------------------------------------------------------------------------+----------------+
; Parameter Name    ; Value                                                                            ; Type           ;
+-------------------+----------------------------------------------------------------------------------+----------------+
; num_nonces        ; 16                                                                               ; Signed Integer ;
; SHA_256_constants ; (01011011111000001100110100011001,00011111100000111101100110101011,1001101100000 ; Array/Record   ;
; SHA_256_constants ; 1010110100010001100,01010001000011100101001001111111,101001010100111111110101001 ;                ;
; SHA_256_constants ; 11010,00111100011011101111001101110010,10111011011001111010111010000101,01101010 ;                ;
;                   ; 000010011110011001100111)                                                        ;                ;
+-------------------+----------------------------------------------------------------------------------+----------------+
Note: In order to hide this table in the UI and the text report file, please set the "Show Parameter Settings in Synthesis Report" option in "Analysis and Synthesis Settings -> More Settings" to "Off".


+-------------------------------------------------------------------------+
; Parameter Settings for User Entity Instance: simplified_sha256:sha_inst ;
+----------------+-------+------------------------------------------------+
; Parameter Name ; Value ; Type                                           ;
+----------------+-------+------------------------------------------------+
; NUM_OF_WORDS   ; 16    ; Signed Integer                                 ;
+----------------+-------+------------------------------------------------+
Note: In order to hide this table in the UI and the text report file, please set the "Show Parameter Settings in Synthesis Report" option in "Analysis and Synthesis Settings -> More Settings" to "Off".


+-----------------------------------------------------+
; Post-Synthesis Netlist Statistics for Top Partition ;
+-----------------------+-----------------------------+
; Type                  ; Count                       ;
+-----------------------+-----------------------------+
; arriaii_ff            ; 4092                        ;
;     CLR               ; 48                          ;
;     CLR SCLR          ; 321                         ;
;     ENA               ; 2601                        ;
;     ENA CLR           ; 515                         ;
;     ENA CLR SCLR      ; 28                          ;
;     ENA SCLR          ; 33                          ;
;     ENA SLD           ; 536                         ;
;     plain             ; 10                          ;
; boundary_port         ; 118                         ;
; stratixiv_lcell_comb  ; 8076                        ;
;     arith             ; 1956                        ;
;         1 data inputs ; 99                          ;
;         2 data inputs ; 1664                        ;
;         3 data inputs ; 193                         ;
;     extend            ; 6                           ;
;         7 data inputs ; 6                           ;
;     normal            ; 4434                        ;
;         0 data inputs ; 1                           ;
;         1 data inputs ; 272                         ;
;         2 data inputs ; 454                         ;
;         3 data inputs ; 2613                        ;
;         4 data inputs ; 142                         ;
;         5 data inputs ; 55                          ;
;         6 data inputs ; 897                         ;
;     shared            ; 1680                        ;
;         0 data inputs ; 4                           ;
;         1 data inputs ; 24                          ;
;         2 data inputs ; 4                           ;
;         3 data inputs ; 1648                        ;
;                       ;                             ;
; Max LUT depth         ; 95.80                       ;
; Average LUT depth     ; 56.18                       ;
+-----------------------+-----------------------------+


+-------------------------------+
; Elapsed Time Per Partition    ;
+----------------+--------------+
; Partition Name ; Elapsed Time ;
+----------------+--------------+
; Top            ; 00:00:07     ;
+----------------+--------------+


+-------------------------------+
; Analysis & Synthesis Messages ;
+-------------------------------+
Info: *******************************************************************
Info: Running Quartus Prime Analysis & Synthesis
    Info: Version 20.1.0 Build 711 06/05/2020 SJ Lite Edition
    Info: Processing started: Sat Jun 10 17:08:52 2023
Info: Command: quartus_map --read_settings_files=on --write_settings_files=off bitcoin_hash -c bitcoin_hash
Warning (18236): Number of processors has not been specified which may cause overloading on shared machines.  Set the global assignment NUM_PARALLEL_PROCESSORS in your QSF to an appropriate value for best performance.
Info (20030): Parallel compilation is enabled and will use 4 of the 4 processors detected
Info (12021): Found 1 design units, including 1 entities, in source file simplified_sha256.sv
    Info (12023): Found entity 1: simplified_sha256 File: C:/Users/yrmho/Documents/SP23/ECE 111/ECE_111_Bitcoin_Miner/bitcoin_hash/simplified_sha256.sv Line: 1
Info (12021): Found 1 design units, including 1 entities, in source file bitcoin_hash.sv
    Info (12023): Found entity 1: bitcoin_hash File: C:/Users/yrmho/Documents/SP23/ECE 111/ECE_111_Bitcoin_Miner/bitcoin_hash/bitcoin_hash.sv Line: 1
Warning (10222): Verilog HDL Parameter Declaration warning at simplified_sha256.sv(35): Parameter Declaration in module "simplified_sha256" behaves as a Local Parameter Declaration because the module has a Module Parameter Port List File: C:/Users/yrmho/Documents/SP23/ECE 111/ECE_111_Bitcoin_Miner/bitcoin_hash/simplified_sha256.sv Line: 35
Info (12127): Elaborating entity "bitcoin_hash" for the top level hierarchy
Warning (10230): Verilog HDL assignment warning at bitcoin_hash.sv(218): truncated value with size 32 to match size of target (16) File: C:/Users/yrmho/Documents/SP23/ECE 111/ECE_111_Bitcoin_Miner/bitcoin_hash/bitcoin_hash.sv Line: 218
Info (12128): Elaborating entity "simplified_sha256" for hierarchy "simplified_sha256:sha_inst" File: C:/Users/yrmho/Documents/SP23/ECE 111/ECE_111_Bitcoin_Miner/bitcoin_hash/bitcoin_hash.sv Line: 70
Info (286030): Timing-Driven Synthesis is running
Info (17049): 9 registers lost all their fanouts during netlist optimizations.
Info (144001): Generated suppressed messages file C:/Users/yrmho/Documents/SP23/ECE 111/ECE_111_Bitcoin_Miner/bitcoin_hash/output_files/bitcoin_hash.map.smsg
Info (16010): Generating hard_block partition "hard_block:auto_generated_inst"
    Info (16011): Adding 0 node(s), including 0 DDIO, 0 PLL, 0 transceiver and 0 LCELL
Info (21057): Implemented 11581 device resources after synthesis - the final resource count might be different
    Info (21058): Implemented 67 input pins
    Info (21059): Implemented 51 output pins
    Info (21061): Implemented 11463 logic cells
Info: Quartus Prime Analysis & Synthesis was successful. 0 errors, 3 warnings
    Info: Peak virtual memory: 4900 megabytes
    Info: Processing ended: Sat Jun 10 17:09:11 2023
    Info: Elapsed time: 00:00:19
    Info: Total CPU time (on all processors): 00:00:16


+------------------------------------------+
; Analysis & Synthesis Suppressed Messages ;
+------------------------------------------+
The suppressed messages can be found in C:/Users/yrmho/Documents/SP23/ECE 111/ECE_111_Bitcoin_Miner/bitcoin_hash/output_files/bitcoin_hash.map.smsg.


